{"timestamp": "2026-06-03T21:23:23.599294", "level": "INFO", "logger": "__main__", "message": "Order created successfully", "module": "logging_and_retry", "function": "demonstrate_logging", "line": 372, "order_id": 12345, "user_id": "patient_001"}
{"timestamp": "2026-06-03T21:23:23.599492", "level": "WARNING", "logger": "__main__", "message": "Low stock alert", "module": "logging_and_retry", "function": "demonstrate_logging", "line": 378}
{"timestamp": "2026-06-03T21:23:23.600436", "level": "ERROR", "logger": "__main__", "message": "Division by zero error", "module": "logging_and_retry", "function": "demonstrate_logging", "line": 387, "exception": "Traceback (most recent call last):\n  File \"C:\\Users\\hante\\OneDrive\\Desktop\\magomed\\clinic-mis\\logging_and_retry.py\", line 385, in demonstrate_logging\n    1 / 0\n    ~~^~~\nZeroDivisionError: division by zero", "order_id": 12345}
{"timestamp": "2026-06-03T21:23:23.601232", "level": "INFO", "logger": "__main__", "message": "Attempt 1/4 for process_payment", "module": "logging_and_retry", "function": "execute", "line": 119, "service_name": "process_payment"}
{"timestamp": "2026-06-03T21:23:23.601320", "level": "INFO", "logger": "__main__", "message": "Processing payment for order 1001, amount: $1500", "module": "logging_and_retry", "function": "process_payment", "line": 301, "order_id": 1001}
{"timestamp": "2026-06-03T21:23:24.102011", "level": "INFO", "logger": "__main__", "message": "Payment successful for order 1001", "module": "logging_and_retry", "function": "process_payment", "line": 317, "order_id": 1001}
{"timestamp": "2026-06-03T21:23:24.102164", "level": "INFO", "logger": "__main__", "message": "Success on attempt 1 for process_payment", "module": "logging_and_retry", "function": "execute", "line": 127, "service_name": "process_payment"}
{"timestamp": "2026-06-03T21:23:24.102617", "level": "INFO", "logger": "__main__", "message": "Checking stock for product 101, quantity: 5", "module": "logging_and_retry", "function": "check_stock", "line": 341}
{"timestamp": "2026-06-03T21:23:24.102729", "level": "ERROR", "logger": "__main__", "message": "Stock service unavailable for product 101", "module": "logging_and_retry", "function": "check_stock", "line": 351}
{"timestamp": "2026-06-03T21:23:24.102922", "level": "WARNING", "logger": "__main__", "message": "Call failed. Failure count: 1/2", "module": "logging_and_retry", "function": "call", "line": 238}
{"timestamp": "2026-06-03T21:23:24.103147", "level": "INFO", "logger": "__main__", "message": "Checking stock for product 101, quantity: 5", "module": "logging_and_retry", "function": "check_stock", "line": 341}
{"timestamp": "2026-06-03T21:23:24.103228", "level": "ERROR", "logger": "__main__", "message": "Stock service unavailable for product 101", "module": "logging_and_retry", "function": "check_stock", "line": 351}
{"timestamp": "2026-06-03T21:23:24.103501", "level": "WARNING", "logger": "__main__", "message": "Call failed. Failure count: 2/2", "module": "logging_and_retry", "function": "call", "line": 238}
{"timestamp": "2026-06-03T21:23:24.103585", "level": "ERROR", "logger": "__main__", "message": "Circuit breaker OPENING after 2 failures", "module": "logging_and_retry", "function": "call", "line": 245}
{"timestamp": "2026-06-03T21:23:24.103821", "level": "WARNING", "logger": "__main__", "message": "Circuit breaker OPEN - request rejected. Wait 10.0s", "module": "logging_and_retry", "function": "call", "line": 205}
{"timestamp": "2026-06-03T21:23:24.104084", "level": "WARNING", "logger": "__main__", "message": "Circuit breaker OPEN - request rejected. Wait 10.0s", "module": "logging_and_retry", "function": "call", "line": 205}
{"timestamp": "2026-06-03T21:23:24.104341", "level": "WARNING", "logger": "__main__", "message": "Circuit breaker OPEN - request rejected. Wait 10.0s", "module": "logging_and_retry", "function": "call", "line": 205}
{"timestamp": "2026-06-03T21:23:24.104569", "level": "WARNING", "logger": "__main__", "message": "Circuit breaker OPEN - request rejected. Wait 10.0s", "module": "logging_and_retry", "function": "call", "line": 205}
{"timestamp": "2026-06-03T21:23:24.104978", "level": "INFO", "logger": "__main__", "message": "Validating order 2001", "module": "logging_and_retry", "function": "demonstrate_complete_error_handling", "line": 602, "order_id": 2001}
{"timestamp": "2026-06-03T21:23:24.105074", "level": "INFO", "logger": "__main__", "message": "Checking stock for order 2001", "module": "logging_and_retry", "function": "demonstrate_complete_error_handling", "line": 609, "order_id": 2001}
{"timestamp": "2026-06-03T21:23:24.105174", "level": "WARNING", "logger": "__main__", "message": "Circuit breaker OPEN - request rejected. Wait 10.0s", "module": "logging_and_retry", "function": "call", "line": 205}
{"timestamp": "2026-06-03T21:23:24.105372", "level": "INFO", "logger": "__main__", "message": "Validating order 2002", "module": "logging_and_retry", "function": "demonstrate_complete_error_handling", "line": 602, "order_id": 2002}
{"timestamp": "2026-06-03T21:23:24.105450", "level": "ERROR", "logger": "__main__", "message": "Order 2002 validation failed", "module": "logging_and_retry", "function": "demonstrate_complete_error_handling", "line": 604, "order_id": 2002}
{"timestamp": "2026-06-03T21:23:24.105640", "level": "INFO", "logger": "__main__", "message": "Validating order 2003", "module": "logging_and_retry", "function": "demonstrate_complete_error_handling", "line": 602, "order_id": 2003}
{"timestamp": "2026-06-03T21:23:24.105710", "level": "INFO", "logger": "__main__", "message": "Checking stock for order 2003", "module": "logging_and_retry", "function": "demonstrate_complete_error_handling", "line": 609, "order_id": 2003}
{"timestamp": "2026-06-03T21:23:24.105857", "level": "WARNING", "logger": "__main__", "message": "Circuit breaker OPEN - request rejected. Wait 10.0s", "module": "logging_and_retry", "function": "call", "line": 205}
{"timestamp": "2026-06-03T21:23:24.106185", "level": "INFO", "logger": "__main__", "message": "Validating order 2004", "module": "logging_and_retry", "function": "demonstrate_complete_error_handling", "line": 602, "order_id": 2004}
{"timestamp": "2026-06-03T21:23:24.106256", "level": "INFO", "logger": "__main__", "message": "Checking stock for order 2004", "module": "logging_and_retry", "function": "demonstrate_complete_error_handling", "line": 609, "order_id": 2004}
{"timestamp": "2026-06-03T21:23:24.106327", "level": "WARNING", "logger": "__main__", "message": "Circuit breaker OPEN - request rejected. Wait 10.0s", "module": "logging_and_retry", "function": "call", "line": 205}
